03/31/24 20:27:44 v1.34.5 @ MACHINE, 
03/31/24 20:27:44 v1.34.5 @ MACHINE, ****************************
03/31/24 20:27:44 v1.34.5 @ MACHINE, Starting factorization of 23219089633250510580388184338893261190159425274266091829251069678345101374315005119889075848991325948461687799542168350589180122396501651434531030343667226410506241902501479054317717625217008857112114881864252928341340770771920275461651508679148124345837511394681152499950625703121385320234450147885925563601
03/31/24 20:27:44 v1.34.5 @ MACHINE, using pretesting plan: normal
03/31/24 20:27:44 v1.34.5 @ MACHINE, no tune info: using qs/gnfs crossover of 95 digits
03/31/24 20:27:44 v1.34.5 @ MACHINE, ****************************
03/31/24 20:27:44 v1.34.5 @ MACHINE, 
03/31/24 20:27:44 v1.34.5 @ MACHINE, ****************************
03/31/24 20:27:44 v1.34.5 @ MACHINE, Starting factorization of 4818619058739807726033451975297698875972020102640321802123262042534551118036419562514298978461153805413112499422269152127364929585538633207754060608869449
03/31/24 20:27:44 v1.34.5 @ MACHINE, using pretesting plan: normal
03/31/24 20:27:44 v1.34.5 @ MACHINE, no tune info: using qs/gnfs crossover of 95 digits
03/31/24 20:27:44 v1.34.5 @ MACHINE, ****************************
03/31/24 20:27:44 v1.34.5 @ MACHINE, prp77 = 69416273731307471601239913553838998413594935515871627319658832112504691596643
03/31/24 20:27:44 v1.34.5 @ MACHINE, prp77 = 69416273731307471601239913553838998413594935515871627319658832112504691596643
03/31/24 20:27:44 v1.34.5 @ MACHINE, input is a perfect power
03/31/24 20:27:44 v1.34.5 @ MACHINE, prp77 = 69416273731307471601239913553838998413594935515871627319658832112504691596643
03/31/24 20:27:44 v1.34.5 @ MACHINE, prp77 = 69416273731307471601239913553838998413594935515871627319658832112504691596643
03/31/24 20:27:44 v1.34.5 @ MACHINE, prp77 = 69416273731307471601239913553838998413594935515871627319658832112504691596643
03/31/24 20:27:44 v1.34.5 @ MACHINE, prp77 = 69416273731307471601239913553838998413594935515871627319658832112504691596643
03/31/24 20:27:44 v1.34.5 @ MACHINE, prp77 = 69416273731307471601239913553838998413594935515871627319658832112504691596643
03/31/24 20:27:44 v1.34.5 @ MACHINE, prp77 = 69416273731307471601239913553838998413594935515871627319658832112504691596643
03/31/24 20:27:44 v1.34.5 @ MACHINE, input is a perfect power
03/31/24 20:27:44 v1.34.5 @ MACHINE, prp77 = 69416273731307471601239913553838998413594935515871627319658832112504691596643
03/31/24 20:27:44 v1.34.5 @ MACHINE, prp77 = 69416273731307471601239913553838998413594935515871627319658832112504691596643
03/31/24 20:27:44 v1.34.5 @ MACHINE, prp77 = 69416273731307471601239913553838998413594935515871627319658832112504691596643
03/31/24 20:27:44 v1.34.5 @ MACHINE, prp77 = 69416273731307471601239913553838998413594935515871627319658832112504691596643
